<?xml version="1.0" encoding="UTF-8"?>
<testng-results total="1" passed="0" failed="1" skipped="0">
  <reporter-output>
  </reporter-output>
  <suite started-at="2024-02-03T18:45:06Z" name="Default suite" finished-at="2024-02-03T18:45:41Z" duration-ms="35477">
    <groups>
    </groups>
    <test started-at="2024-02-03T18:45:06Z" name="Default test" finished-at="2024-02-03T18:45:41Z" duration-ms="35477">
      <class name="ecom.apk.Tests">
        <test-method is-config="true" signature="configureAppium()[pri:0, instance:ecom.apk.Tests@a3d9978]" started-at="2024-02-04T00:15:06Z" name="configureAppium" finished-at="2024-02-04T00:15:10Z" duration-ms="4411" status="PASS">
          <reporter-output>
          </reporter-output>
        </test-method> <!-- configureAppium -->
        <test-method signature="CheckSum()[pri:0, instance:ecom.apk.Tests@a3d9978]" started-at="2024-02-04T00:15:10Z" name="CheckSum" finished-at="2024-02-04T00:15:41Z" duration-ms="30638" status="FAIL">
          <exception class="io.appium.java_client.NoSuchContextException">
            <message>
              <![CDATA[An unknown server-side error occurred while processing the command. Original error: Can't stop process; it's not currently running (cmd: '//Users//mukul//eclipse-workspace//apk//src//test//java//resources//chromedriver --port\=59267 --adb-port\=5037 --verbose')
Build info: version: '4.6.0', revision: '79f1c02ae20'
System info: os.name: 'Mac OS X', os.arch: 'x86_64', os.version: '14.2.1', java.version: '17.0.9'
Driver info: io.appium.java_client.android.AndroidDriver
Command: [9cf5a9b3-3aa0-4a81-9e00-4a9469521509, switchToContext {name=WEBVIEW_com.androidsample.generalstore}]
Capabilities {appium:app: //Users//mukul//eclipse-wor..., appium:appPackage: com.androidsample.generalstore, appium:automationName: UIAutomator2, appium:chromedriverExecutable: //Users//mukul//eclipse-wor..., appium:databaseEnabled: false, appium:desired: {app: //Users//mukul//eclipse-wor..., automationName: UIAutomator2, chromedriverExecutable: //Users//mukul//eclipse-wor..., deviceName: Pixel 6 Pro API 34, platformName: android}, appium:deviceApiLevel: 34, appium:deviceManufacturer: Google, appium:deviceModel: sdk_gphone64_arm64, appium:deviceName: emulator-5554, appium:deviceScreenDensity: 560, appium:deviceScreenSize: 1440x3120, appium:deviceUDID: emulator-5554, appium:javascriptEnabled: true, appium:locationContextEnabled: false, appium:networkConnectionEnabled: true, appium:pixelRatio: 3.5, appium:platformVersion: 14, appium:statBarHeight: 84, appium:takesScreenshot: true, appium:viewportRect: {height: 2807, left: 0, top: 84, width: 1440}, appium:warnings: {}, appium:webStorageEnabled: false, platformName: ANDROID}
Session ID: 9cf5a9b3-3aa0-4a81-9e00-4a9469521509]]>
            </message>
            <full-stacktrace>
              <![CDATA[io.appium.java_client.NoSuchContextException: An unknown server-side error occurred while processing the command. Original error: Can't stop process; it's not currently running (cmd: '//Users//mukul//eclipse-workspace//apk//src//test//java//resources//chromedriver --port\=59267 --adb-port\=5037 --verbose')
Build info: version: '4.6.0', revision: '79f1c02ae20'
System info: os.name: 'Mac OS X', os.arch: 'x86_64', os.version: '14.2.1', java.version: '17.0.9'
Driver info: io.appium.java_client.android.AndroidDriver
Command: [9cf5a9b3-3aa0-4a81-9e00-4a9469521509, switchToContext {name=WEBVIEW_com.androidsample.generalstore}]
Capabilities {appium:app: //Users//mukul//eclipse-wor..., appium:appPackage: com.androidsample.generalstore, appium:automationName: UIAutomator2, appium:chromedriverExecutable: //Users//mukul//eclipse-wor..., appium:databaseEnabled: false, appium:desired: {app: //Users//mukul//eclipse-wor..., automationName: UIAutomator2, chromedriverExecutable: //Users//mukul//eclipse-wor..., deviceName: Pixel 6 Pro API 34, platformName: android}, appium:deviceApiLevel: 34, appium:deviceManufacturer: Google, appium:deviceModel: sdk_gphone64_arm64, appium:deviceName: emulator-5554, appium:deviceScreenDensity: 560, appium:deviceScreenSize: 1440x3120, appium:deviceUDID: emulator-5554, appium:javascriptEnabled: true, appium:locationContextEnabled: false, appium:networkConnectionEnabled: true, appium:pixelRatio: 3.5, appium:platformVersion: 14, appium:statBarHeight: 84, appium:takesScreenshot: true, appium:viewportRect: {height: 2807, left: 0, top: 84, width: 1440}, appium:warnings: {}, appium:webStorageEnabled: false, platformName: ANDROID}
Session ID: 9cf5a9b3-3aa0-4a81-9e00-4a9469521509
	at io.appium.java_client.remote.SupportsContextSwitching.context(SupportsContextSwitching.java:48)
	at ecom.apk.Tests.CheckSum(Tests.java:87)
	at java.base/jdk.internal.reflect.NativeMethodAccessorImpl.invoke0(Native Method)
	at java.base/jdk.internal.reflect.NativeMethodAccessorImpl.invoke(NativeMethodAccessorImpl.java:77)
	at java.base/jdk.internal.reflect.DelegatingMethodAccessorImpl.invoke(DelegatingMethodAccessorImpl.java:43)
	at java.base/java.lang.reflect.Method.invoke(Method.java:568)
	at org.testng.internal.MethodInvocationHelper.invokeMethod(MethodInvocationHelper.java:86)
	at org.testng.internal.Invoker.invokeMethod(Invoker.java:643)
	at org.testng.internal.Invoker.invokeTestMethod(Invoker.java:820)
	at org.testng.internal.Invoker.invokeTestMethods(Invoker.java:1128)
	at org.testng.internal.TestMethodWorker.invokeTestMethods(TestMethodWorker.java:129)
	at org.testng.internal.TestMethodWorker.run(TestMethodWorker.java:112)
	at org.testng.TestRunner.privateRun(TestRunner.java:782)
	at org.testng.TestRunner.run(TestRunner.java:632)
	at org.testng.SuiteRunner.runTest(SuiteRunner.java:366)
	at org.testng.SuiteRunner.runSequentially(SuiteRunner.java:361)
	at org.testng.SuiteRunner.privateRun(SuiteRunner.java:319)
	at org.testng.SuiteRunner.run(SuiteRunner.java:268)
	at org.testng.SuiteRunnerWorker.runSuite(SuiteRunnerWorker.java:52)
	at org.testng.SuiteRunnerWorker.run(SuiteRunnerWorker.java:86)
	at org.testng.TestNG.runSuitesSequentially(TestNG.java:1244)
	at org.testng.TestNG.runSuitesLocally(TestNG.java:1169)
	at org.testng.TestNG.run(TestNG.java:1064)
	at org.testng.remote.AbstractRemoteTestNG.run(AbstractRemoteTestNG.java:115)
	at org.testng.remote.RemoteTestNG.initAndRun(RemoteTestNG.java:251)
	at org.testng.remote.RemoteTestNG.main(RemoteTestNG.java:77)
Caused by: org.openqa.selenium.WebDriverException: An unknown server-side error occurred while processing the command. Original error: Can't stop process; it's not currently running (cmd: '//Users//mukul//eclipse-workspace//apk//src//test//java//resources//chromedriver --port\=59267 --adb-port\=5037 --verbose')
Build info: version: '4.6.0', revision: '79f1c02ae20'
System info: os.name: 'Mac OS X', os.arch: 'x86_64', os.version: '14.2.1', java.version: '17.0.9'
Driver info: io.appium.java_client.android.AndroidDriver
Command: [9cf5a9b3-3aa0-4a81-9e00-4a9469521509, switchToContext {name=WEBVIEW_com.androidsample.generalstore}]
Capabilities {appium:app: //Users//mukul//eclipse-wor..., appium:appPackage: com.androidsample.generalstore, appium:automationName: UIAutomator2, appium:chromedriverExecutable: //Users//mukul//eclipse-wor..., appium:databaseEnabled: false, appium:desired: {app: //Users//mukul//eclipse-wor..., automationName: UIAutomator2, chromedriverExecutable: //Users//mukul//eclipse-wor..., deviceName: Pixel 6 Pro API 34, platformName: android}, appium:deviceApiLevel: 34, appium:deviceManufacturer: Google, appium:deviceModel: sdk_gphone64_arm64, appium:deviceName: emulator-5554, appium:deviceScreenDensity: 560, appium:deviceScreenSize: 1440x3120, appium:deviceUDID: emulator-5554, appium:javascriptEnabled: true, appium:locationContextEnabled: false, appium:networkConnectionEnabled: true, appium:pixelRatio: 3.5, appium:platformVersion: 14, appium:statBarHeight: 84, appium:takesScreenshot: true, appium:viewportRect: {height: 2807, left: 0, top: 84, width: 1440}, appium:warnings: {}, appium:webStorageEnabled: false, platformName: ANDROID}
Session ID: 9cf5a9b3-3aa0-4a81-9e00-4a9469521509
	at java.base/jdk.internal.reflect.NativeConstructorAccessorImpl.newInstance0(Native Method)
	at java.base/jdk.internal.reflect.NativeConstructorAccessorImpl.newInstance(NativeConstructorAccessorImpl.java:77)
	at java.base/jdk.internal.reflect.DelegatingConstructorAccessorImpl.newInstance(DelegatingConstructorAccessorImpl.java:45)
	at java.base/java.lang.reflect.Constructor.newInstanceWithCaller(Constructor.java:499)
	at java.base/java.lang.reflect.Constructor.newInstance(Constructor.java:480)
	at org.openqa.selenium.remote.codec.w3c.W3CHttpResponseCodec.createException(W3CHttpResponseCodec.java:200)
	at org.openqa.selenium.remote.codec.w3c.W3CHttpResponseCodec.decode(W3CHttpResponseCodec.java:133)
	at org.openqa.selenium.remote.codec.w3c.W3CHttpResponseCodec.decode(W3CHttpResponseCodec.java:53)
	at org.openqa.selenium.remote.HttpCommandExecutor.execute(HttpCommandExecutor.java:184)
	at io.appium.java_client.remote.AppiumCommandExecutor.execute(AppiumCommandExecutor.java:262)
	at org.openqa.selenium.remote.RemoteWebDriver.execute(RemoteWebDriver.java:541)
	at org.openqa.selenium.remote.RemoteWebDriver.execute(RemoteWebDriver.java:596)
	at io.appium.java_client.AppiumDriver.execute(AppiumDriver.java:267)
	at io.appium.java_client.remote.SupportsContextSwitching.context(SupportsContextSwitching.java:45)
	... 25 more
]]>
            </full-stacktrace>
          </exception> <!-- io.appium.java_client.NoSuchContextException -->
          <reporter-output>
          </reporter-output>
        </test-method> <!-- CheckSum -->
        <test-method is-config="true" signature="teardown()[pri:0, instance:ecom.apk.Tests@a3d9978]" started-at="2024-02-04T00:15:41Z" name="teardown" finished-at="2024-02-04T00:15:41Z" duration-ms="409" status="PASS">
          <reporter-output>
          </reporter-output>
        </test-method> <!-- teardown -->
      </class> <!-- ecom.apk.Tests -->
    </test> <!-- Default test -->
  </suite> <!-- Default suite -->
</testng-results>
